<?xml version="1.0" encoding="UTF-8"?>
<coverage generated="1753931382307" clover="3.2.0">
  <project timestamp="1753931382307" name="All files">
    <metrics statements="66" coveredstatements="33" conditionals="52" coveredconditionals="14" methods="18" coveredmethods="6" elements="136" coveredelements="53" complexity="0" loc="66" ncloc="66" packages="1" files="1" classes="1"/>
    <file name="media-editor.tsx" path="/Users/ky/Desktop/GitHub/VS_Code/AltLens/app/(tabs)/media-editor.tsx">
      <metrics statements="66" coveredstatements="33" conditionals="52" coveredconditionals="14" methods="18" coveredmethods="6"/>
      <line num="16" count="2" type="stmt"/>
      <line num="19" count="2" type="stmt"/>
      <line num="39" count="2" type="stmt"/>
      <line num="120" count="21" type="stmt"/>
      <line num="121" count="21" type="stmt"/>
      <line num="122" count="21" type="stmt"/>
      <line num="129" count="21" type="stmt"/>
      <line num="130" count="21" type="stmt"/>
      <line num="131" count="21" type="stmt"/>
      <line num="132" count="21" type="stmt"/>
      <line num="133" count="21" type="stmt"/>
      <line num="135" count="21" type="stmt"/>
      <line num="137" count="5" type="stmt"/>
      <line num="138" count="5" type="cond" truecount="2" falsecount="0"/>
      <line num="140" count="5" type="stmt"/>
      <line num="143" count="21" type="stmt"/>
      <line num="144" count="11" type="cond" truecount="2" falsecount="0"/>
      <line num="145" count="6" type="stmt"/>
      <line num="149" count="21" type="stmt"/>
      <line num="150" count="6" type="stmt"/>
      <line num="151" count="6" type="stmt"/>
      <line num="152" count="6" type="cond" truecount="1" falsecount="1"/>
      <line num="154" count="6" type="stmt"/>
      <line num="159" count="6" type="stmt"/>
      <line num="160" count="6" type="stmt"/>
      <line num="161" count="6" type="cond" truecount="1" falsecount="3"/>
      <line num="162" count="6" type="cond" truecount="1" falsecount="1"/>
      <line num="164" count="0" type="stmt"/>
      <line num="166" count="6" type="stmt"/>
      <line num="169" count="21" type="stmt"/>
      <line num="170" count="0" type="stmt"/>
      <line num="171" count="0" type="stmt"/>
      <line num="180" count="21" type="stmt"/>
      <line num="181" count="0" type="stmt"/>
      <line num="184" count="21" type="stmt"/>
      <line num="185" count="0" type="cond" truecount="0" falsecount="2"/>
      <line num="186" count="0" type="cond" truecount="0" falsecount="2"/>
      <line num="187" count="0" type="cond" truecount="0" falsecount="2"/>
      <line num="188" count="0" type="stmt"/>
      <line num="191" count="21" type="stmt"/>
      <line num="192" count="0" type="stmt"/>
      <line num="193" count="0" type="cond" truecount="0" falsecount="2"/>
      <line num="194" count="0" type="stmt"/>
      <line num="195" count="0" type="stmt"/>
      <line num="197" count="0" type="cond" truecount="0" falsecount="2"/>
      <line num="198" count="0" type="stmt"/>
      <line num="199" count="0" type="stmt"/>
      <line num="201" count="0" type="stmt"/>
      <line num="202" count="0" type="stmt"/>
      <line num="203" count="0" type="cond" truecount="0" falsecount="2"/>
      <line num="204" count="0" type="stmt"/>
      <line num="213" count="0" type="stmt"/>
      <line num="214" count="0" type="cond" truecount="0" falsecount="4"/>
      <line num="215" count="0" type="stmt"/>
      <line num="216" count="0" type="stmt"/>
      <line num="217" count="0" type="stmt"/>
      <line num="219" count="0" type="stmt"/>
      <line num="221" count="0" type="stmt"/>
      <line num="224" count="21" type="stmt"/>
      <line num="253" count="0" type="stmt"/>
      <line num="262" count="0" type="stmt"/>
      <line num="285" count="0" type="stmt"/>
      <line num="291" count="0" type="stmt"/>
      <line num="297" count="0" type="stmt"/>
      <line num="303" count="0" type="stmt"/>
      <line num="309" count="0" type="stmt"/>
    </file>
  </project>
</coverage>
