{"/Users/ky/Desktop/GitHub/VS_Code/AltLens/app/(tabs)/media-editor.tsx": {"path":"/Users/ky/Desktop/GitHub/VS_Code/AltLens/app/(tabs)/media-editor.tsx","statementMap":{"0":{"start":{"line":16,"column":20},"end":{"line":16,"column":57}},"1":{"start":{"line":19,"column":0},"end":{"line":19,"column":78}},"2":{"start":{"line":39,"column":15},"end":{"line":117,"column":2}},"3":{"start":{"line":120,"column":38},"end":{"line":120,"column":63}},"4":{"start":{"line":121,"column":44},"end":{"line":121,"column":76}},"5":{"start":{"line":122,"column":26},"end":{"line":128,"column":4}},"6":{"start":{"line":129,"column":30},"end":{"line":129,"column":42}},"7":{"start":{"line":130,"column":30},"end":{"line":130,"column":42}},"8":{"start":{"line":131,"column":32},"end":{"line":131,"column":47}},"9":{"start":{"line":132,"column":30},"end":{"line":132,"column":45}},"10":{"start":{"line":133,"column":30},"end":{"line":133,"column":59}},"11":{"start":{"line":135,"column":2},"end":{"line":141,"column":9}},"12":{"start":{"line":137,"column":24},"end":{"line":139,"column":6}},"13":{"start":{"line":138,"column":6},"end":{"line":138,"column":40}},"14":{"start":{"line":140,"column":4},"end":{"line":140,"column":31}},"15":{"start":{"line":140,"column":17},"end":{"line":140,"column":30}},"16":{"start":{"line":143,"column":2},"end":{"line":147,"column":31}},"17":{"start":{"line":144,"column":4},"end":{"line":146,"column":5}},"18":{"start":{"line":145,"column":6},"end":{"line":145,"column":19}},"19":{"start":{"line":149,"column":21},"end":{"line":167,"column":3}},"20":{"start":{"line":150,"column":4},"end":{"line":150,"column":21}},"21":{"start":{"line":151,"column":4},"end":{"line":165,"column":5}},"22":{"start":{"line":152,"column":6},"end":{"line":152,"column":61}},"23":{"start":{"line":152,"column":19},"end":{"line":152,"column":61}},"24":{"start":{"line":154,"column":21},"end":{"line":158,"column":19}},"25":{"start":{"line":159,"column":18},"end":{"line":159,"column":71}},"26":{"start":{"line":160,"column":19},"end":{"line":160,"column":35}},"27":{"start":{"line":161,"column":6},"end":{"line":161,"column":77}},"28":{"start":{"line":161,"column":19},"end":{"line":161,"column":77}},"29":{"start":{"line":162,"column":6},"end":{"line":162,"column":38}},"30":{"start":{"line":164,"column":6},"end":{"line":164,"column":40}},"31":{"start":{"line":166,"column":4},"end":{"line":166,"column":22}},"32":{"start":{"line":169,"column":28},"end":{"line":178,"column":3}},"33":{"start":{"line":170,"column":4},"end":{"line":170,"column":28}},"34":{"start":{"line":171,"column":4},"end":{"line":177,"column":7}},"35":{"start":{"line":180,"column":23},"end":{"line":182,"column":3}},"36":{"start":{"line":181,"column":4},"end":{"line":181,"column":62}},"37":{"start":{"line":181,"column":34},"end":{"line":181,"column":59}},"38":{"start":{"line":184,"column":23},"end":{"line":189,"column":3}},"39":{"start":{"line":185,"column":4},"end":{"line":185,"column":56}},"40":{"start":{"line":185,"column":28},"end":{"line":185,"column":56}},"41":{"start":{"line":186,"column":4},"end":{"line":186,"column":61}},"42":{"start":{"line":186,"column":30},"end":{"line":186,"column":61}},"43":{"start":{"line":187,"column":4},"end":{"line":187,"column":63}},"44":{"start":{"line":187,"column":31},"end":{"line":187,"column":63}},"45":{"start":{"line":188,"column":4},"end":{"line":188,"column":16}},"46":{"start":{"line":191,"column":21},"end":{"line":222,"column":3}},"47":{"start":{"line":192,"column":18},"end":{"line":192,"column":32}},"48":{"start":{"line":193,"column":4},"end":{"line":196,"column":5}},"49":{"start":{"line":194,"column":6},"end":{"line":194,"column":45}},"50":{"start":{"line":195,"column":6},"end":{"line":195,"column":13}},"51":{"start":{"line":197,"column":4},"end":{"line":200,"column":5}},"52":{"start":{"line":198,"column":6},"end":{"line":198,"column":49}},"53":{"start":{"line":199,"column":6},"end":{"line":199,"column":13}},"54":{"start":{"line":201,"column":4},"end":{"line":201,"column":20}},"55":{"start":{"line":202,"column":4},"end":{"line":220,"column":5}},"56":{"start":{"line":203,"column":6},"end":{"line":203,"column":61}},"57":{"start":{"line":203,"column":19},"end":{"line":203,"column":61}},"58":{"start":{"line":204,"column":18},"end":{"line":212,"column":8}},"59":{"start":{"line":213,"column":19},"end":{"line":213,"column":35}},"60":{"start":{"line":214,"column":6},"end":{"line":214,"column":78}},"61":{"start":{"line":214,"column":19},"end":{"line":214,"column":78}},"62":{"start":{"line":215,"column":6},"end":{"line":215,"column":56}},"63":{"start":{"line":216,"column":6},"end":{"line":216,"column":19}},"64":{"start":{"line":217,"column":6},"end":{"line":217,"column":29}},"65":{"start":{"line":219,"column":6},"end":{"line":219,"column":40}},"66":{"start":{"line":221,"column":4},"end":{"line":221,"column":21}},"67":{"start":{"line":224,"column":2},"end":{"line":326,"column":4}},"68":{"start":{"line":253,"column":16},"end":{"line":274,"column":35}},"69":{"start":{"line":262,"column":33},"end":{"line":262,"column":56}},"70":{"start":{"line":285,"column":42},"end":{"line":285,"column":69}},"71":{"start":{"line":291,"column":42},"end":{"line":291,"column":71}},"72":{"start":{"line":297,"column":42},"end":{"line":297,"column":71}},"73":{"start":{"line":303,"column":42},"end":{"line":303,"column":74}},"74":{"start":{"line":309,"column":42},"end":{"line":309,"column":72}}},"fnMap":{"0":{"name":"MediaMetadataEditor","decl":{"start":{"line":119,"column":24},"end":{"line":119,"column":43}},"loc":{"start":{"line":119,"column":46},"end":{"line":327,"column":1}},"line":119},"1":{"name":"(anonymous_1)","decl":{"start":{"line":135,"column":12},"end":{"line":135,"column":13}},"loc":{"start":{"line":135,"column":18},"end":{"line":141,"column":3}},"line":135},"2":{"name":"(anonymous_2)","decl":{"start":{"line":137,"column":48},"end":{"line":137,"column":49}},"loc":{"start":{"line":137,"column":58},"end":{"line":139,"column":5}},"line":137},"3":{"name":"(anonymous_3)","decl":{"start":{"line":140,"column":11},"end":{"line":140,"column":12}},"loc":{"start":{"line":140,"column":17},"end":{"line":140,"column":30}},"line":140},"4":{"name":"(anonymous_4)","decl":{"start":{"line":143,"column":12},"end":{"line":143,"column":13}},"loc":{"start":{"line":143,"column":18},"end":{"line":147,"column":3}},"line":143},"5":{"name":"(anonymous_5)","decl":{"start":{"line":149,"column":21},"end":{"line":149,"column":22}},"loc":{"start":{"line":149,"column":33},"end":{"line":167,"column":3}},"line":149},"6":{"name":"(anonymous_6)","decl":{"start":{"line":169,"column":28},"end":{"line":169,"column":29}},"loc":{"start":{"line":169,"column":50},"end":{"line":178,"column":3}},"line":169},"7":{"name":"(anonymous_7)","decl":{"start":{"line":180,"column":23},"end":{"line":180,"column":24}},"loc":{"start":{"line":180,"column":64},"end":{"line":182,"column":3}},"line":180},"8":{"name":"(anonymous_8)","decl":{"start":{"line":181,"column":12},"end":{"line":181,"column":13}},"loc":{"start":{"line":181,"column":34},"end":{"line":181,"column":59}},"line":181},"9":{"name":"(anonymous_9)","decl":{"start":{"line":184,"column":23},"end":{"line":184,"column":24}},"loc":{"start":{"line":184,"column":29},"end":{"line":189,"column":3}},"line":184},"10":{"name":"(anonymous_10)","decl":{"start":{"line":191,"column":21},"end":{"line":191,"column":22}},"loc":{"start":{"line":191,"column":33},"end":{"line":222,"column":3}},"line":191},"11":{"name":"(anonymous_11)","decl":{"start":{"line":252,"column":30},"end":{"line":252,"column":31}},"loc":{"start":{"line":253,"column":16},"end":{"line":274,"column":35}},"line":253},"12":{"name":"(anonymous_12)","decl":{"start":{"line":262,"column":27},"end":{"line":262,"column":28}},"loc":{"start":{"line":262,"column":33},"end":{"line":262,"column":56}},"line":262},"13":{"name":"(anonymous_13)","decl":{"start":{"line":285,"column":32},"end":{"line":285,"column":33}},"loc":{"start":{"line":285,"column":42},"end":{"line":285,"column":69}},"line":285},"14":{"name":"(anonymous_14)","decl":{"start":{"line":291,"column":32},"end":{"line":291,"column":33}},"loc":{"start":{"line":291,"column":42},"end":{"line":291,"column":71}},"line":291},"15":{"name":"(anonymous_15)","decl":{"start":{"line":297,"column":32},"end":{"line":297,"column":33}},"loc":{"start":{"line":297,"column":42},"end":{"line":297,"column":71}},"line":297},"16":{"name":"(anonymous_16)","decl":{"start":{"line":303,"column":32},"end":{"line":303,"column":33}},"loc":{"start":{"line":303,"column":42},"end":{"line":303,"column":74}},"line":303},"17":{"name":"(anonymous_17)","decl":{"start":{"line":309,"column":32},"end":{"line":309,"column":33}},"loc":{"start":{"line":309,"column":42},"end":{"line":309,"column":72}},"line":309}},"branchMap":{"0":{"loc":{"start":{"line":138,"column":16},"end":{"line":138,"column":38}},"type":"cond-expr","locations":[{"start":{"line":138,"column":23},"end":{"line":138,"column":31}},{"start":{"line":138,"column":34},"end":{"line":138,"column":38}}],"line":138},"1":{"loc":{"start":{"line":144,"column":4},"end":{"line":146,"column":5}},"type":"if","locations":[{"start":{"line":144,"column":4},"end":{"line":146,"column":5}},{"start":{},"end":{}}],"line":144},"2":{"loc":{"start":{"line":152,"column":6},"end":{"line":152,"column":61}},"type":"if","locations":[{"start":{"line":152,"column":6},"end":{"line":152,"column":61}},{"start":{},"end":{}}],"line":152},"3":{"loc":{"start":{"line":156,"column":12},"end":{"line":156,"column":36}},"type":"cond-expr","locations":[{"start":{"line":156,"column":21},"end":{"line":156,"column":31}},{"start":{"line":156,"column":34},"end":{"line":156,"column":36}}],"line":156},"4":{"loc":{"start":{"line":157,"column":12},"end":{"line":157,"column":36}},"type":"cond-expr","locations":[{"start":{"line":157,"column":21},"end":{"line":157,"column":31}},{"start":{"line":157,"column":34},"end":{"line":157,"column":36}}],"line":157},"5":{"loc":{"start":{"line":161,"column":6},"end":{"line":161,"column":77}},"type":"if","locations":[{"start":{"line":161,"column":6},"end":{"line":161,"column":77}},{"start":{},"end":{}}],"line":161},"6":{"loc":{"start":{"line":161,"column":35},"end":{"line":161,"column":75}},"type":"binary-expr","locations":[{"start":{"line":161,"column":35},"end":{"line":161,"column":47}},{"start":{"line":161,"column":51},"end":{"line":161,"column":75}}],"line":161},"7":{"loc":{"start":{"line":162,"column":20},"end":{"line":162,"column":36}},"type":"binary-expr","locations":[{"start":{"line":162,"column":20},"end":{"line":162,"column":30}},{"start":{"line":162,"column":34},"end":{"line":162,"column":36}}],"line":162},"8":{"loc":{"start":{"line":172,"column":13},"end":{"line":172,"column":30}},"type":"binary-expr","locations":[{"start":{"line":172,"column":13},"end":{"line":172,"column":24}},{"start":{"line":172,"column":28},"end":{"line":172,"column":30}}],"line":172},"9":{"loc":{"start":{"line":173,"column":15},"end":{"line":173,"column":34}},"type":"binary-expr","locations":[{"start":{"line":173,"column":15},"end":{"line":173,"column":28}},{"start":{"line":173,"column":32},"end":{"line":173,"column":34}}],"line":173},"10":{"loc":{"start":{"line":174,"column":15},"end":{"line":174,"column":34}},"type":"binary-expr","locations":[{"start":{"line":174,"column":15},"end":{"line":174,"column":28}},{"start":{"line":174,"column":32},"end":{"line":174,"column":34}}],"line":174},"11":{"loc":{"start":{"line":175,"column":18},"end":{"line":175,"column":40}},"type":"binary-expr","locations":[{"start":{"line":175,"column":18},"end":{"line":175,"column":34}},{"start":{"line":175,"column":38},"end":{"line":175,"column":40}}],"line":175},"12":{"loc":{"start":{"line":176,"column":16},"end":{"line":176,"column":36}},"type":"binary-expr","locations":[{"start":{"line":176,"column":16},"end":{"line":176,"column":30}},{"start":{"line":176,"column":34},"end":{"line":176,"column":36}}],"line":176},"13":{"loc":{"start":{"line":185,"column":4},"end":{"line":185,"column":56}},"type":"if","locations":[{"start":{"line":185,"column":4},"end":{"line":185,"column":56}},{"start":{},"end":{}}],"line":185},"14":{"loc":{"start":{"line":186,"column":4},"end":{"line":186,"column":61}},"type":"if","locations":[{"start":{"line":186,"column":4},"end":{"line":186,"column":61}},{"start":{},"end":{}}],"line":186},"15":{"loc":{"start":{"line":187,"column":4},"end":{"line":187,"column":63}},"type":"if","locations":[{"start":{"line":187,"column":4},"end":{"line":187,"column":63}},{"start":{},"end":{}}],"line":187},"16":{"loc":{"start":{"line":193,"column":4},"end":{"line":196,"column":5}},"type":"if","locations":[{"start":{"line":193,"column":4},"end":{"line":196,"column":5}},{"start":{},"end":{}}],"line":193},"17":{"loc":{"start":{"line":197,"column":4},"end":{"line":200,"column":5}},"type":"if","locations":[{"start":{"line":197,"column":4},"end":{"line":200,"column":5}},{"start":{},"end":{}}],"line":197},"18":{"loc":{"start":{"line":203,"column":6},"end":{"line":203,"column":61}},"type":"if","locations":[{"start":{"line":203,"column":6},"end":{"line":203,"column":61}},{"start":{},"end":{}}],"line":203},"19":{"loc":{"start":{"line":214,"column":6},"end":{"line":214,"column":78}},"type":"if","locations":[{"start":{"line":214,"column":6},"end":{"line":214,"column":78}},{"start":{},"end":{}}],"line":214},"20":{"loc":{"start":{"line":214,"column":35},"end":{"line":214,"column":76}},"type":"binary-expr","locations":[{"start":{"line":214,"column":35},"end":{"line":214,"column":47}},{"start":{"line":214,"column":51},"end":{"line":214,"column":76}}],"line":214},"21":{"loc":{"start":{"line":246,"column":9},"end":{"line":323,"column":9}},"type":"cond-expr","locations":[{"start":{"line":247,"column":10},"end":{"line":247,"column":60}},{"start":{"line":249,"column":10},"end":{"line":322,"column":13}}],"line":246},"22":{"loc":{"start":{"line":257,"column":20},"end":{"line":260,"column":21}},"type":"binary-expr","locations":[{"start":{"line":257,"column":20},"end":{"line":257,"column":49}},{"start":{"line":257,"column":53},"end":{"line":260,"column":21}}],"line":257},"23":{"loc":{"start":{"line":265,"column":35},"end":{"line":265,"column":66}},"type":"binary-expr","locations":[{"start":{"line":265,"column":35},"end":{"line":265,"column":49}},{"start":{"line":265,"column":53},"end":{"line":265,"column":66}}],"line":265},"24":{"loc":{"start":{"line":278,"column":13},"end":{"line":321,"column":13}},"type":"binary-expr","locations":[{"start":{"line":278,"column":13},"end":{"line":278,"column":26}},{"start":{"line":279,"column":14},"end":{"line":320,"column":21}}],"line":278},"25":{"loc":{"start":{"line":317,"column":21},"end":{"line":317,"column":50}},"type":"cond-expr","locations":[{"start":{"line":317,"column":30},"end":{"line":317,"column":41}},{"start":{"line":317,"column":44},"end":{"line":317,"column":50}}],"line":317}},"s":{"0":2,"1":2,"2":2,"3":21,"4":21,"5":21,"6":21,"7":21,"8":21,"9":21,"10":21,"11":21,"12":5,"13":5,"14":5,"15":4,"16":21,"17":11,"18":6,"19":21,"20":6,"21":6,"22":6,"23":0,"24":6,"25":6,"26":6,"27":6,"28":0,"29":6,"30":0,"31":6,"32":21,"33":0,"34":0,"35":21,"36":0,"37":0,"38":21,"39":0,"40":0,"41":0,"42":0,"43":0,"44":0,"45":0,"46":21,"47":0,"48":0,"49":0,"50":0,"51":0,"52":0,"53":0,"54":0,"55":0,"56":0,"57":0,"58":0,"59":0,"60":0,"61":0,"62":0,"63":0,"64":0,"65":0,"66":0,"67":21,"68":0,"69":0,"70":0,"71":0,"72":0,"73":0,"74":0},"f":{"0":21,"1":5,"2":5,"3":4,"4":11,"5":6,"6":0,"7":0,"8":0,"9":0,"10":0,"11":0,"12":0,"13":0,"14":0,"15":0,"16":0,"17":0},"b":{"0":[4,1],"1":[6,5],"2":[0,6],"3":[1,5],"4":[1,5],"5":[0,6],"6":[0,0],"7":[6,0],"8":[0,0],"9":[0,0],"10":[0,0],"11":[0,0],"12":[0,0],"13":[0,0],"14":[0,0],"15":[0,0],"16":[0,0],"17":[0,0],"18":[0,0],"19":[0,0],"20":[0,0],"21":[8,13],"22":[0,0],"23":[0,0],"24":[13,0],"25":[0,0]},"_coverageSchema":"1a1c01bbd47fc00a2c39e90264f33305004495a9","hash":"caa4bc0b08e31d8e7c6cc119f851e19b595cf4fd"}
}
