TN:
SF:app/(tabs)/media-editor.tsx
FN:119,MediaMetadataEditor
FN:135,(anonymous_1)
FN:137,(anonymous_2)
FN:140,(anonymous_3)
FN:143,(anonymous_4)
FN:149,(anonymous_5)
FN:169,(anonymous_6)
FN:180,(anonymous_7)
FN:181,(anonymous_8)
FN:184,(anonymous_9)
FN:191,(anonymous_10)
FN:252,(anonymous_11)
FN:262,(anonymous_12)
FN:285,(anonymous_13)
FN:291,(anonymous_14)
FN:297,(anonymous_15)
FN:303,(anonymous_16)
FN:309,(anonymous_17)
FNF:18
FNH:6
FNDA:21,MediaMetadataEditor
FNDA:5,(anonymous_1)
FNDA:5,(anonymous_2)
FNDA:4,(anonymous_3)
FNDA:11,(anonymous_4)
FNDA:6,(anonymous_5)
FNDA:0,(anonymous_6)
FNDA:0,(anonymous_7)
FNDA:0,(anonymous_8)
FNDA:0,(anonymous_9)
FNDA:0,(anonymous_10)
FNDA:0,(anonymous_11)
FNDA:0,(anonymous_12)
FNDA:0,(anonymous_13)
FNDA:0,(anonymous_14)
FNDA:0,(anonymous_15)
FNDA:0,(anonymous_16)
FNDA:0,(anonymous_17)
DA:16,2
DA:19,2
DA:39,2
DA:120,21
DA:121,21
DA:122,21
DA:129,21
DA:130,21
DA:131,21
DA:132,21
DA:133,21
DA:135,21
DA:137,5
DA:138,5
DA:140,5
DA:143,21
DA:144,11
DA:145,6
DA:149,21
DA:150,6
DA:151,6
DA:152,6
DA:154,6
DA:159,6
DA:160,6
DA:161,6
DA:162,6
DA:164,0
DA:166,6
DA:169,21
DA:170,0
DA:171,0
DA:180,21
DA:181,0
DA:184,21
DA:185,0
DA:186,0
DA:187,0
DA:188,0
DA:191,21
DA:192,0
DA:193,0
DA:194,0
DA:195,0
DA:197,0
DA:198,0
DA:199,0
DA:201,0
DA:202,0
DA:203,0
DA:204,0
DA:213,0
DA:214,0
DA:215,0
DA:216,0
DA:217,0
DA:219,0
DA:221,0
DA:224,21
DA:253,0
DA:262,0
DA:285,0
DA:291,0
DA:297,0
DA:303,0
DA:309,0
LF:66
LH:33
BRDA:138,0,0,4
BRDA:138,0,1,1
BRDA:144,1,0,6
BRDA:144,1,1,5
BRDA:152,2,0,0
BRDA:152,2,1,6
BRDA:156,3,0,1
BRDA:156,3,1,5
BRDA:157,4,0,1
BRDA:157,4,1,5
BRDA:161,5,0,0
BRDA:161,5,1,6
BRDA:161,6,0,0
BRDA:161,6,1,0
BRDA:162,7,0,6
BRDA:162,7,1,0
BRDA:172,8,0,0
BRDA:172,8,1,0
BRDA:173,9,0,0
BRDA:173,9,1,0
BRDA:174,10,0,0
BRDA:174,10,1,0
BRDA:175,11,0,0
BRDA:175,11,1,0
BRDA:176,12,0,0
BRDA:176,12,1,0
BRDA:185,13,0,0
BRDA:185,13,1,0
BRDA:186,14,0,0
BRDA:186,14,1,0
BRDA:187,15,0,0
BRDA:187,15,1,0
BRDA:193,16,0,0
BRDA:193,16,1,0
BRDA:197,17,0,0
BRDA:197,17,1,0
BRDA:203,18,0,0
BRDA:203,18,1,0
BRDA:214,19,0,0
BRDA:214,19,1,0
BRDA:214,20,0,0
BRDA:214,20,1,0
BRDA:246,21,0,8
BRDA:246,21,1,13
BRDA:257,22,0,0
BRDA:257,22,1,0
BRDA:265,23,0,0
BRDA:265,23,1,0
BRDA:278,24,0,13
BRDA:278,24,1,0
BRDA:317,25,0,0
BRDA:317,25,1,0
BRF:52
BRH:14
end_of_record
